[INFO ] 17:34:39.040 [selenium-practice] - CREATING WEBDRIVER INSTANCE..
[INFO ] 17:36:24.773 [Registration Flow] - CREATING WEBDRIVER INSTANCE..
[INFO ] 17:36:24.773 [Registration Flow] - CREATING WEBDRIVER INSTANCE..
[INFO ] 17:36:24.774 [Registration Flow] - CREATING WEBDRIVER INSTANCE..
[INFO ] 17:36:24.774 [Registration Flow] - CREATING WEBDRIVER INSTANCE..
[INFO ] 17:36:24.773 [Registration Flow] - CREATING WEBDRIVER INSTANCE..
[INFO ] 17:41:59.329 [Registration Flow] - CREATING WEBDRIVER INSTANCE..
[INFO ] 17:41:59.329 [Registration Flow] - CREATING WEBDRIVER INSTANCE..
[INFO ] 17:41:59.329 [Registration Flow] - CREATING WEBDRIVER INSTANCE..
[INFO ] 17:41:59.329 [Registration Flow] - CREATING WEBDRIVER INSTANCE..
[INFO ] 17:41:59.329 [Registration Flow] - CREATING WEBDRIVER INSTANCE..
[INFO ] 17:49:17.166 [Registration Flow] - CREATING WEBDRIVER INSTANCE..
[INFO ] 17:49:17.166 [Registration Flow] - CREATING WEBDRIVER INSTANCE..
[INFO ] 17:49:17.166 [Registration Flow] - CREATING WEBDRIVER INSTANCE..
[INFO ] 17:49:17.166 [Registration Flow] - CREATING WEBDRIVER INSTANCE..
[INFO ] 17:49:17.166 [Registration Flow] - CREATING WEBDRIVER INSTANCE..
[INFO ] 18:45:05.668 [Registration Flow] - CREATING WEBDRIVER INSTANCE..
[INFO ] 18:45:05.668 [Registration Flow] - CREATING WEBDRIVER INSTANCE..
[INFO ] 18:45:05.668 [Registration Flow] - CREATING WEBDRIVER INSTANCE..
[INFO ] 18:45:05.668 [Registration Flow] - CREATING WEBDRIVER INSTANCE..
[INFO ] 18:45:05.668 [Registration Flow] - CREATING WEBDRIVER INSTANCE..
[INFO ] 18:46:57.580 [Registration Flow] - CREATING WEBDRIVER INSTANCE..
[INFO ] 18:46:57.579 [Registration Flow] - CREATING WEBDRIVER INSTANCE..
[INFO ] 18:46:57.579 [Registration Flow] - CREATING WEBDRIVER INSTANCE..
[INFO ] 18:46:57.579 [Registration Flow] - CREATING WEBDRIVER INSTANCE..
[INFO ] 18:46:57.579 [Registration Flow] - CREATING WEBDRIVER INSTANCE..
[INFO ] 18:47:09.142 [Registration Flow] - [ChromeDriver: chrome on MAC (3f0e9d60a54ccb95a9181c703989f5e9)] - Created Webdriver instance 
[INFO ] 18:47:09.146 [Registration Flow] - [ChromeDriver: chrome on MAC (19bfce24e1a0f6d3a913244867e4c8e9)] - Created Webdriver instance 
[INFO ] 18:47:09.142 [Registration Flow] - [ChromeDriver: chrome on MAC (1982cb3074c08e17b9f00b69240b4eb1)] - Created Webdriver instance 
[INFO ] 18:47:09.143 [Registration Flow] - [ChromeDriver: chrome on MAC (24293ac57ebd9da9c1db44e9f386d7c9)] - Created Webdriver instance 
[INFO ] 18:47:09.146 [Registration Flow] - [ChromeDriver: chrome on MAC (b8fe68826b67e4049730a755f1296be7)] - Created Webdriver instance 
[INFO ] 18:47:09.984 [Registration Flow] - Start of TestRegistrationFlow1
[INFO ] 18:47:09.983 [Registration Flow] - Start of TestRegistrationFlow2
[INFO ] 18:47:09.984 [Registration Flow] - Start of TestRegistrationFlow3
[INFO ] 18:47:09.983 [Registration Flow] - Start of TestRegistrationFlow4
[INFO ] 18:47:09.986 [Registration Flow] - Start of TestRegistrationFlow5
[INFO ] 18:47:10.340 [Registration Flow] - [ChromeDriver: chrome on MAC (19bfce24e1a0f6d3a913244867e4c8e9)] - inside goTo - opening URL - https://demo.guru99.com/test/newtours/register.php
[INFO ] 18:47:10.341 [Registration Flow] - [ChromeDriver: chrome on MAC (3f0e9d60a54ccb95a9181c703989f5e9)] - inside goTo - opening URL - https://demo.guru99.com/test/newtours/register.php
[INFO ] 18:47:10.341 [Registration Flow] - [ChromeDriver: chrome on MAC (1982cb3074c08e17b9f00b69240b4eb1)] - inside goTo - opening URL - https://demo.guru99.com/test/newtours/register.php
[INFO ] 18:47:10.341 [Registration Flow] - [ChromeDriver: chrome on MAC (b8fe68826b67e4049730a755f1296be7)] - inside goTo - opening URL - https://demo.guru99.com/test/newtours/register.php
[INFO ] 18:47:10.341 [Registration Flow] - [ChromeDriver: chrome on MAC (24293ac57ebd9da9c1db44e9f386d7c9)] - inside goTo - opening URL - https://demo.guru99.com/test/newtours/register.php
[INFO ] 18:47:28.413 [Registration Flow] - [ChromeDriver: chrome on MAC (19bfce24e1a0f6d3a913244867e4c8e9)] - Waiting for FirstName to be visible..
[INFO ] 18:47:30.030 [Registration Flow] - [ChromeDriver: chrome on MAC (19bfce24e1a0f6d3a913244867e4c8e9)] - inside enterContactInfo
[INFO ] 18:47:30.565 [Registration Flow] - [ChromeDriver: chrome on MAC (b8fe68826b67e4049730a755f1296be7)] - Waiting for FirstName to be visible..
[INFO ] 18:47:30.792 [Registration Flow] - [ChromeDriver: chrome on MAC (3f0e9d60a54ccb95a9181c703989f5e9)] - Waiting for FirstName to be visible..
[INFO ] 18:47:31.265 [Registration Flow] - [ChromeDriver: chrome on MAC (24293ac57ebd9da9c1db44e9f386d7c9)] - Waiting for FirstName to be visible..
[INFO ] 18:47:31.366 [Registration Flow] - [ChromeDriver: chrome on MAC (1982cb3074c08e17b9f00b69240b4eb1)] - Waiting for FirstName to be visible..
[INFO ] 18:47:31.975 [Registration Flow] - [ChromeDriver: chrome on MAC (3f0e9d60a54ccb95a9181c703989f5e9)] - inside enterContactInfo
[INFO ] 18:47:32.253 [Registration Flow] - [ChromeDriver: chrome on MAC (b8fe68826b67e4049730a755f1296be7)] - inside enterContactInfo
[INFO ] 18:47:32.808 [Registration Flow] - [ChromeDriver: chrome on MAC (1982cb3074c08e17b9f00b69240b4eb1)] - inside enterContactInfo
[INFO ] 18:47:32.810 [Registration Flow] - [ChromeDriver: chrome on MAC (24293ac57ebd9da9c1db44e9f386d7c9)] - inside enterContactInfo
[INFO ] 18:47:35.427 [Registration Flow] - [ChromeDriver: chrome on MAC (19bfce24e1a0f6d3a913244867e4c8e9)] - inside enterUserInfo
[INFO ] 18:47:36.917 [Registration Flow] - [ChromeDriver: chrome on MAC (3f0e9d60a54ccb95a9181c703989f5e9)] - inside enterUserInfo
[INFO ] 18:47:36.931 [Registration Flow] - [ChromeDriver: chrome on MAC (19bfce24e1a0f6d3a913244867e4c8e9)] - inside submitInfo
[INFO ] 18:47:37.340 [Registration Flow] - [ChromeDriver: chrome on MAC (b8fe68826b67e4049730a755f1296be7)] - inside enterUserInfo
[INFO ] 18:47:37.881 [Registration Flow] - [ChromeDriver: chrome on MAC (1982cb3074c08e17b9f00b69240b4eb1)] - inside enterUserInfo
[INFO ] 18:47:37.950 [Registration Flow] - [ChromeDriver: chrome on MAC (24293ac57ebd9da9c1db44e9f386d7c9)] - inside enterUserInfo
[INFO ] 18:47:38.169 [Registration Flow] - [ChromeDriver: chrome on MAC (3f0e9d60a54ccb95a9181c703989f5e9)] - inside submitInfo
[INFO ] 18:47:38.634 [Registration Flow] - [ChromeDriver: chrome on MAC (b8fe68826b67e4049730a755f1296be7)] - inside submitInfo
[INFO ] 18:47:39.021 [Registration Flow] - [ChromeDriver: chrome on MAC (24293ac57ebd9da9c1db44e9f386d7c9)] - inside submitInfo
[INFO ] 18:47:39.051 [Registration Flow] - [ChromeDriver: chrome on MAC (1982cb3074c08e17b9f00b69240b4eb1)] - inside submitInfo
[INFO ] 18:47:52.981 [Registration Flow] - [ChromeDriver: chrome on MAC (19bfce24e1a0f6d3a913244867e4c8e9)] - Waiting for next page to be visible..
[INFO ] 18:47:54.045 [Registration Flow] - [ChromeDriver: chrome on MAC (3f0e9d60a54ccb95a9181c703989f5e9)] - Waiting for next page to be visible..
[INFO ] 18:47:54.056 [Registration Flow] - inside getConfTextValue - after attach
[INFO ] 18:47:54.844 [Registration Flow] - inside getConfTextValue - after attach
[INFO ] 18:47:54.884 [Registration Flow] - [ChromeDriver: chrome on MAC (b8fe68826b67e4049730a755f1296be7)] - Waiting for next page to be visible..
[INFO ] 18:47:55.138 [Registration Flow] - [ChromeDriver: chrome on MAC (1982cb3074c08e17b9f00b69240b4eb1)] - Waiting for next page to be visible..
[INFO ] 18:47:55.374 [Registration Flow] - [ChromeDriver: chrome on MAC (24293ac57ebd9da9c1db44e9f386d7c9)] - Waiting for next page to be visible..
[INFO ] 18:47:55.638 [Registration Flow] - inside getConfTextValue - after attach
[INFO ] 18:47:55.894 [Registration Flow] - inside getConfTextValue - after attach
[INFO ] 18:47:56.024 [Registration Flow] - inside getConfTextValue - after attach
[INFO ] 22:16:54.214 [selenium-practice] - CREATING WEBDRIVER INSTANCE..
[INFO ] 22:18:29.484 [selenium-practice] - CREATING WEBDRIVER INSTANCE..
[INFO ] 22:19:48.491 [selenium-practice] - CREATING WEBDRIVER INSTANCE..
[INFO ] 22:21:40.934 [selenium-practice] - CREATING WEBDRIVER INSTANCE..
[INFO ] 22:22:41.059 [selenium-practice] - CREATING WEBDRIVER INSTANCE..
[INFO ] 22:23:39.735 [selenium-practice] - CREATING WEBDRIVER INSTANCE..
[INFO ] 22:25:42.238 [selenium-practice] - CREATING WEBDRIVER INSTANCE..
[INFO ] 22:26:43.890 [selenium-practice] - CREATING WEBDRIVER INSTANCE..
[INFO ] 22:28:10.300 [selenium-practice] - CREATING WEBDRIVER INSTANCE..
[INFO ] 22:28:46.072 [selenium-practice] - CREATING WEBDRIVER INSTANCE..
[INFO ] 22:29:57.293 [selenium-practice] - CREATING WEBDRIVER INSTANCE..
